Determining if the pthread_create exist failed with the following output:
Change Dir: /home/liu/Multi_Robot_System/build_isolated/hector_quadrotor_teleop/CMakeFiles/CMakeTmp

Run Build Command:"/usr/bin/make" "cmTC_d3993/fast"
/usr/bin/make -f CMakeFiles/cmTC_d3993.dir/build.make CMakeFiles/cmTC_d3993.dir/build
make[1]: 进入目录“/home/liu/Multi_Robot_System/build_isolated/hector_quadrotor_teleop/CMakeFiles/CMakeTmp”
Building C object CMakeFiles/cmTC_d3993.dir/CheckSymbolExists.c.o
/usr/bin/cc    -o CMakeFiles/cmTC_d3993.dir/CheckSymbolExists.c.o   -c /home/liu/Multi_Robot_System/build_isolated/hector_quadrotor_teleop/CMakeFiles/CMakeTmp/CheckSymbolExists.c
Linking C executable cmTC_d3993
/usr/bin/cmake -E cmake_link_script CMakeFiles/cmTC_d3993.dir/link.txt --verbose=1
/usr/bin/cc      -rdynamic CMakeFiles/cmTC_d3993.dir/CheckSymbolExists.c.o  -o cmTC_d3993 
CMakeFiles/cmTC_d3993.dir/CheckSymbolExists.c.o：在函数‘main’中：
CheckSymbolExists.c:(.text+0x1b)：对‘pthread_create’未定义的引用
collect2: error: ld returned 1 exit status
CMakeFiles/cmTC_d3993.dir/build.make:97: recipe for target 'cmTC_d3993' failed
make[1]: *** [cmTC_d3993] Error 1
make[1]: 离开目录“/home/liu/Multi_Robot_System/build_isolated/hector_quadrotor_teleop/CMakeFiles/CMakeTmp”
Makefile:126: recipe for target 'cmTC_d3993/fast' failed
make: *** [cmTC_d3993/fast] Error 2

File /home/liu/Multi_Robot_System/build_isolated/hector_quadrotor_teleop/CMakeFiles/CMakeTmp/CheckSymbolExists.c:
/* */
#include <pthread.h>

int main(int argc, char** argv)
{
  (void)argv;
#ifndef pthread_create
  return ((int*)(&pthread_create))[argc];
#else
  (void)argc;
  return 0;
#endif
}

Determining if the function pthread_create exists in the pthreads failed with the following output:
Change Dir: /home/liu/Multi_Robot_System/build_isolated/hector_quadrotor_teleop/CMakeFiles/CMakeTmp

Run Build Command:"/usr/bin/make" "cmTC_fec67/fast"
/usr/bin/make -f CMakeFiles/cmTC_fec67.dir/build.make CMakeFiles/cmTC_fec67.dir/build
make[1]: 进入目录“/home/liu/Multi_Robot_System/build_isolated/hector_quadrotor_teleop/CMakeFiles/CMakeTmp”
Building C object CMakeFiles/cmTC_fec67.dir/CheckFunctionExists.c.o
/usr/bin/cc   -DCHECK_FUNCTION_EXISTS=pthread_create   -o CMakeFiles/cmTC_fec67.dir/CheckFunctionExists.c.o   -c /usr/share/cmake-3.10/Modules/CheckFunctionExists.c
Linking C executable cmTC_fec67
/usr/bin/cmake -E cmake_link_script CMakeFiles/cmTC_fec67.dir/link.txt --verbose=1
/usr/bin/cc  -DCHECK_FUNCTION_EXISTS=pthread_create    -rdynamic CMakeFiles/cmTC_fec67.dir/CheckFunctionExists.c.o  -o cmTC_fec67 -lpthreads 
/usr/bin/ld: 找不到 -lpthreads
collect2: error: ld returned 1 exit status
CMakeFiles/cmTC_fec67.dir/build.make:97: recipe for target 'cmTC_fec67' failed
make[1]: *** [cmTC_fec67] Error 1
make[1]: 离开目录“/home/liu/Multi_Robot_System/build_isolated/hector_quadrotor_teleop/CMakeFiles/CMakeTmp”
Makefile:126: recipe for target 'cmTC_fec67/fast' failed
make: *** [cmTC_fec67/fast] Error 2


