Determining if the pthread_create exist failed with the following output:
Change Dir: /home/liu/Multi_Robot_System/build_isolated/hector_imu_tools/CMakeFiles/CMakeTmp

Run Build Command:"/usr/bin/make" "cmTC_02af2/fast"
/usr/bin/make -f CMakeFiles/cmTC_02af2.dir/build.make CMakeFiles/cmTC_02af2.dir/build
make[1]: 进入目录“/home/liu/Multi_Robot_System/build_isolated/hector_imu_tools/CMakeFiles/CMakeTmp”
Building C object CMakeFiles/cmTC_02af2.dir/CheckSymbolExists.c.o
/usr/bin/cc    -o CMakeFiles/cmTC_02af2.dir/CheckSymbolExists.c.o   -c /home/liu/Multi_Robot_System/build_isolated/hector_imu_tools/CMakeFiles/CMakeTmp/CheckSymbolExists.c
Linking C executable cmTC_02af2
/usr/bin/cmake -E cmake_link_script CMakeFiles/cmTC_02af2.dir/link.txt --verbose=1
/usr/bin/cc      -rdynamic CMakeFiles/cmTC_02af2.dir/CheckSymbolExists.c.o  -o cmTC_02af2 
CMakeFiles/cmTC_02af2.dir/CheckSymbolExists.c.o：在函数‘main’中：
CheckSymbolExists.c:(.text+0x1b)：对‘pthread_create’未定义的引用
collect2: error: ld returned 1 exit status
CMakeFiles/cmTC_02af2.dir/build.make:97: recipe for target 'cmTC_02af2' failed
make[1]: *** [cmTC_02af2] Error 1
make[1]: 离开目录“/home/liu/Multi_Robot_System/build_isolated/hector_imu_tools/CMakeFiles/CMakeTmp”
Makefile:126: recipe for target 'cmTC_02af2/fast' failed
make: *** [cmTC_02af2/fast] Error 2

File /home/liu/Multi_Robot_System/build_isolated/hector_imu_tools/CMakeFiles/CMakeTmp/CheckSymbolExists.c:
/* */
#include <pthread.h>

int main(int argc, char** argv)
{
  (void)argv;
#ifndef pthread_create
  return ((int*)(&pthread_create))[argc];
#else
  (void)argc;
  return 0;
#endif
}

Determining if the function pthread_create exists in the pthreads failed with the following output:
Change Dir: /home/liu/Multi_Robot_System/build_isolated/hector_imu_tools/CMakeFiles/CMakeTmp

Run Build Command:"/usr/bin/make" "cmTC_1918c/fast"
/usr/bin/make -f CMakeFiles/cmTC_1918c.dir/build.make CMakeFiles/cmTC_1918c.dir/build
make[1]: 进入目录“/home/liu/Multi_Robot_System/build_isolated/hector_imu_tools/CMakeFiles/CMakeTmp”
Building C object CMakeFiles/cmTC_1918c.dir/CheckFunctionExists.c.o
/usr/bin/cc   -DCHECK_FUNCTION_EXISTS=pthread_create   -o CMakeFiles/cmTC_1918c.dir/CheckFunctionExists.c.o   -c /usr/share/cmake-3.10/Modules/CheckFunctionExists.c
Linking C executable cmTC_1918c
/usr/bin/cmake -E cmake_link_script CMakeFiles/cmTC_1918c.dir/link.txt --verbose=1
/usr/bin/cc  -DCHECK_FUNCTION_EXISTS=pthread_create    -rdynamic CMakeFiles/cmTC_1918c.dir/CheckFunctionExists.c.o  -o cmTC_1918c -lpthreads 
/usr/bin/ld: 找不到 -lpthreads
collect2: error: ld returned 1 exit status
CMakeFiles/cmTC_1918c.dir/build.make:97: recipe for target 'cmTC_1918c' failed
make[1]: *** [cmTC_1918c] Error 1
make[1]: 离开目录“/home/liu/Multi_Robot_System/build_isolated/hector_imu_tools/CMakeFiles/CMakeTmp”
Makefile:126: recipe for target 'cmTC_1918c/fast' failed
make: *** [cmTC_1918c/fast] Error 2


