Determining if the pthread_create exist failed with the following output:
Change Dir: /home/liu/Multi_Robot_System/build_isolated/hector_quadrotor_interface/CMakeFiles/CMakeTmp

Run Build Command:"/usr/bin/make" "cmTC_eed6b/fast"
/usr/bin/make -f CMakeFiles/cmTC_eed6b.dir/build.make CMakeFiles/cmTC_eed6b.dir/build
make[1]: 进入目录“/home/liu/Multi_Robot_System/build_isolated/hector_quadrotor_interface/CMakeFiles/CMakeTmp”
Building C object CMakeFiles/cmTC_eed6b.dir/CheckSymbolExists.c.o
/usr/bin/cc    -o CMakeFiles/cmTC_eed6b.dir/CheckSymbolExists.c.o   -c /home/liu/Multi_Robot_System/build_isolated/hector_quadrotor_interface/CMakeFiles/CMakeTmp/CheckSymbolExists.c
Linking C executable cmTC_eed6b
/usr/bin/cmake -E cmake_link_script CMakeFiles/cmTC_eed6b.dir/link.txt --verbose=1
/usr/bin/cc      -rdynamic CMakeFiles/cmTC_eed6b.dir/CheckSymbolExists.c.o  -o cmTC_eed6b 
CMakeFiles/cmTC_eed6b.dir/CheckSymbolExists.c.o：在函数‘main’中：
CheckSymbolExists.c:(.text+0x1b)：对‘pthread_create’未定义的引用
collect2: error: ld returned 1 exit status
CMakeFiles/cmTC_eed6b.dir/build.make:97: recipe for target 'cmTC_eed6b' failed
make[1]: *** [cmTC_eed6b] Error 1
make[1]: 离开目录“/home/liu/Multi_Robot_System/build_isolated/hector_quadrotor_interface/CMakeFiles/CMakeTmp”
Makefile:126: recipe for target 'cmTC_eed6b/fast' failed
make: *** [cmTC_eed6b/fast] Error 2

File /home/liu/Multi_Robot_System/build_isolated/hector_quadrotor_interface/CMakeFiles/CMakeTmp/CheckSymbolExists.c:
/* */
#include <pthread.h>

int main(int argc, char** argv)
{
  (void)argv;
#ifndef pthread_create
  return ((int*)(&pthread_create))[argc];
#else
  (void)argc;
  return 0;
#endif
}

Determining if the function pthread_create exists in the pthreads failed with the following output:
Change Dir: /home/liu/Multi_Robot_System/build_isolated/hector_quadrotor_interface/CMakeFiles/CMakeTmp

Run Build Command:"/usr/bin/make" "cmTC_7103c/fast"
/usr/bin/make -f CMakeFiles/cmTC_7103c.dir/build.make CMakeFiles/cmTC_7103c.dir/build
make[1]: 进入目录“/home/liu/Multi_Robot_System/build_isolated/hector_quadrotor_interface/CMakeFiles/CMakeTmp”
Building C object CMakeFiles/cmTC_7103c.dir/CheckFunctionExists.c.o
/usr/bin/cc   -DCHECK_FUNCTION_EXISTS=pthread_create   -o CMakeFiles/cmTC_7103c.dir/CheckFunctionExists.c.o   -c /usr/share/cmake-3.10/Modules/CheckFunctionExists.c
Linking C executable cmTC_7103c
/usr/bin/cmake -E cmake_link_script CMakeFiles/cmTC_7103c.dir/link.txt --verbose=1
/usr/bin/cc  -DCHECK_FUNCTION_EXISTS=pthread_create    -rdynamic CMakeFiles/cmTC_7103c.dir/CheckFunctionExists.c.o  -o cmTC_7103c -lpthreads 
/usr/bin/ld: 找不到 -lpthreads
collect2: error: ld returned 1 exit status
CMakeFiles/cmTC_7103c.dir/build.make:97: recipe for target 'cmTC_7103c' failed
make[1]: *** [cmTC_7103c] Error 1
make[1]: 离开目录“/home/liu/Multi_Robot_System/build_isolated/hector_quadrotor_interface/CMakeFiles/CMakeTmp”
Makefile:126: recipe for target 'cmTC_7103c/fast' failed
make: *** [cmTC_7103c/fast] Error 2


