Determining if the pthread_create exist failed with the following output:
Change Dir: /home/liu/Multi_Robot_System/build_isolated/hector_quadrotor_model/CMakeFiles/CMakeTmp

Run Build Command:"/usr/bin/make" "cmTC_509cc/fast"
/usr/bin/make -f CMakeFiles/cmTC_509cc.dir/build.make CMakeFiles/cmTC_509cc.dir/build
make[1]: 进入目录“/home/liu/Multi_Robot_System/build_isolated/hector_quadrotor_model/CMakeFiles/CMakeTmp”
Building C object CMakeFiles/cmTC_509cc.dir/CheckSymbolExists.c.o
/usr/bin/cc    -o CMakeFiles/cmTC_509cc.dir/CheckSymbolExists.c.o   -c /home/liu/Multi_Robot_System/build_isolated/hector_quadrotor_model/CMakeFiles/CMakeTmp/CheckSymbolExists.c
Linking C executable cmTC_509cc
/usr/bin/cmake -E cmake_link_script CMakeFiles/cmTC_509cc.dir/link.txt --verbose=1
/usr/bin/cc      -rdynamic CMakeFiles/cmTC_509cc.dir/CheckSymbolExists.c.o  -o cmTC_509cc 
CMakeFiles/cmTC_509cc.dir/CheckSymbolExists.c.o：在函数‘main’中：
CheckSymbolExists.c:(.text+0x1b)：对‘pthread_create’未定义的引用
collect2: error: ld returned 1 exit status
CMakeFiles/cmTC_509cc.dir/build.make:97: recipe for target 'cmTC_509cc' failed
make[1]: *** [cmTC_509cc] Error 1
make[1]: 离开目录“/home/liu/Multi_Robot_System/build_isolated/hector_quadrotor_model/CMakeFiles/CMakeTmp”
Makefile:126: recipe for target 'cmTC_509cc/fast' failed
make: *** [cmTC_509cc/fast] Error 2

File /home/liu/Multi_Robot_System/build_isolated/hector_quadrotor_model/CMakeFiles/CMakeTmp/CheckSymbolExists.c:
/* */
#include <pthread.h>

int main(int argc, char** argv)
{
  (void)argv;
#ifndef pthread_create
  return ((int*)(&pthread_create))[argc];
#else
  (void)argc;
  return 0;
#endif
}

Determining if the function pthread_create exists in the pthreads failed with the following output:
Change Dir: /home/liu/Multi_Robot_System/build_isolated/hector_quadrotor_model/CMakeFiles/CMakeTmp

Run Build Command:"/usr/bin/make" "cmTC_76bfe/fast"
/usr/bin/make -f CMakeFiles/cmTC_76bfe.dir/build.make CMakeFiles/cmTC_76bfe.dir/build
make[1]: 进入目录“/home/liu/Multi_Robot_System/build_isolated/hector_quadrotor_model/CMakeFiles/CMakeTmp”
Building C object CMakeFiles/cmTC_76bfe.dir/CheckFunctionExists.c.o
/usr/bin/cc   -DCHECK_FUNCTION_EXISTS=pthread_create   -o CMakeFiles/cmTC_76bfe.dir/CheckFunctionExists.c.o   -c /usr/share/cmake-3.10/Modules/CheckFunctionExists.c
Linking C executable cmTC_76bfe
/usr/bin/cmake -E cmake_link_script CMakeFiles/cmTC_76bfe.dir/link.txt --verbose=1
/usr/bin/cc  -DCHECK_FUNCTION_EXISTS=pthread_create    -rdynamic CMakeFiles/cmTC_76bfe.dir/CheckFunctionExists.c.o  -o cmTC_76bfe -lpthreads 
/usr/bin/ld: 找不到 -lpthreads
collect2: error: ld returned 1 exit status
CMakeFiles/cmTC_76bfe.dir/build.make:97: recipe for target 'cmTC_76bfe' failed
make[1]: *** [cmTC_76bfe] Error 1
make[1]: 离开目录“/home/liu/Multi_Robot_System/build_isolated/hector_quadrotor_model/CMakeFiles/CMakeTmp”
Makefile:126: recipe for target 'cmTC_76bfe/fast' failed
make: *** [cmTC_76bfe/fast] Error 2


