Determining if the pthread_create exist failed with the following output:
Change Dir: /home/liu/Multi_Robot_System/build_isolated/ee_command/CMakeFiles/CMakeTmp

Run Build Command:"/usr/bin/make" "cmTC_11a0b/fast"
/usr/bin/make -f CMakeFiles/cmTC_11a0b.dir/build.make CMakeFiles/cmTC_11a0b.dir/build
make[1]: 进入目录“/home/liu/Multi_Robot_System/build_isolated/ee_command/CMakeFiles/CMakeTmp”
Building C object CMakeFiles/cmTC_11a0b.dir/CheckSymbolExists.c.o
/usr/bin/cc    -o CMakeFiles/cmTC_11a0b.dir/CheckSymbolExists.c.o   -c /home/liu/Multi_Robot_System/build_isolated/ee_command/CMakeFiles/CMakeTmp/CheckSymbolExists.c
Linking C executable cmTC_11a0b
/usr/bin/cmake -E cmake_link_script CMakeFiles/cmTC_11a0b.dir/link.txt --verbose=1
/usr/bin/cc      -rdynamic CMakeFiles/cmTC_11a0b.dir/CheckSymbolExists.c.o  -o cmTC_11a0b 
CMakeFiles/cmTC_11a0b.dir/CheckSymbolExists.c.o：在函数‘main’中：
CheckSymbolExists.c:(.text+0x1b)：对‘pthread_create’未定义的引用
collect2: error: ld returned 1 exit status
CMakeFiles/cmTC_11a0b.dir/build.make:97: recipe for target 'cmTC_11a0b' failed
make[1]: *** [cmTC_11a0b] Error 1
make[1]: 离开目录“/home/liu/Multi_Robot_System/build_isolated/ee_command/CMakeFiles/CMakeTmp”
Makefile:126: recipe for target 'cmTC_11a0b/fast' failed
make: *** [cmTC_11a0b/fast] Error 2

File /home/liu/Multi_Robot_System/build_isolated/ee_command/CMakeFiles/CMakeTmp/CheckSymbolExists.c:
/* */
#include <pthread.h>

int main(int argc, char** argv)
{
  (void)argv;
#ifndef pthread_create
  return ((int*)(&pthread_create))[argc];
#else
  (void)argc;
  return 0;
#endif
}

Determining if the function pthread_create exists in the pthreads failed with the following output:
Change Dir: /home/liu/Multi_Robot_System/build_isolated/ee_command/CMakeFiles/CMakeTmp

Run Build Command:"/usr/bin/make" "cmTC_f15b4/fast"
/usr/bin/make -f CMakeFiles/cmTC_f15b4.dir/build.make CMakeFiles/cmTC_f15b4.dir/build
make[1]: 进入目录“/home/liu/Multi_Robot_System/build_isolated/ee_command/CMakeFiles/CMakeTmp”
Building C object CMakeFiles/cmTC_f15b4.dir/CheckFunctionExists.c.o
/usr/bin/cc   -DCHECK_FUNCTION_EXISTS=pthread_create   -o CMakeFiles/cmTC_f15b4.dir/CheckFunctionExists.c.o   -c /usr/share/cmake-3.10/Modules/CheckFunctionExists.c
Linking C executable cmTC_f15b4
/usr/bin/cmake -E cmake_link_script CMakeFiles/cmTC_f15b4.dir/link.txt --verbose=1
/usr/bin/cc  -DCHECK_FUNCTION_EXISTS=pthread_create    -rdynamic CMakeFiles/cmTC_f15b4.dir/CheckFunctionExists.c.o  -o cmTC_f15b4 -lpthreads 
/usr/bin/ld: 找不到 -lpthreads
collect2: error: ld returned 1 exit status
CMakeFiles/cmTC_f15b4.dir/build.make:97: recipe for target 'cmTC_f15b4' failed
make[1]: *** [cmTC_f15b4] Error 1
make[1]: 离开目录“/home/liu/Multi_Robot_System/build_isolated/ee_command/CMakeFiles/CMakeTmp”
Makefile:126: recipe for target 'cmTC_f15b4/fast' failed
make: *** [cmTC_f15b4/fast] Error 2


