Determining if the pthread_create exist failed with the following output:
Change Dir: /home/liu/Multi_Robot_System/build_isolated/hector_map_server/CMakeFiles/CMakeTmp

Run Build Command:"/usr/bin/make" "cmTC_5c832/fast"
/usr/bin/make -f CMakeFiles/cmTC_5c832.dir/build.make CMakeFiles/cmTC_5c832.dir/build
make[1]: 进入目录“/home/liu/Multi_Robot_System/build_isolated/hector_map_server/CMakeFiles/CMakeTmp”
Building C object CMakeFiles/cmTC_5c832.dir/CheckSymbolExists.c.o
/usr/bin/cc    -o CMakeFiles/cmTC_5c832.dir/CheckSymbolExists.c.o   -c /home/liu/Multi_Robot_System/build_isolated/hector_map_server/CMakeFiles/CMakeTmp/CheckSymbolExists.c
Linking C executable cmTC_5c832
/usr/bin/cmake -E cmake_link_script CMakeFiles/cmTC_5c832.dir/link.txt --verbose=1
/usr/bin/cc      -rdynamic CMakeFiles/cmTC_5c832.dir/CheckSymbolExists.c.o  -o cmTC_5c832 
CMakeFiles/cmTC_5c832.dir/CheckSymbolExists.c.o：在函数‘main’中：
CheckSymbolExists.c:(.text+0x1b)：对‘pthread_create’未定义的引用
collect2: error: ld returned 1 exit status
CMakeFiles/cmTC_5c832.dir/build.make:97: recipe for target 'cmTC_5c832' failed
make[1]: *** [cmTC_5c832] Error 1
make[1]: 离开目录“/home/liu/Multi_Robot_System/build_isolated/hector_map_server/CMakeFiles/CMakeTmp”
Makefile:126: recipe for target 'cmTC_5c832/fast' failed
make: *** [cmTC_5c832/fast] Error 2

File /home/liu/Multi_Robot_System/build_isolated/hector_map_server/CMakeFiles/CMakeTmp/CheckSymbolExists.c:
/* */
#include <pthread.h>

int main(int argc, char** argv)
{
  (void)argv;
#ifndef pthread_create
  return ((int*)(&pthread_create))[argc];
#else
  (void)argc;
  return 0;
#endif
}

Determining if the function pthread_create exists in the pthreads failed with the following output:
Change Dir: /home/liu/Multi_Robot_System/build_isolated/hector_map_server/CMakeFiles/CMakeTmp

Run Build Command:"/usr/bin/make" "cmTC_6f603/fast"
/usr/bin/make -f CMakeFiles/cmTC_6f603.dir/build.make CMakeFiles/cmTC_6f603.dir/build
make[1]: 进入目录“/home/liu/Multi_Robot_System/build_isolated/hector_map_server/CMakeFiles/CMakeTmp”
Building C object CMakeFiles/cmTC_6f603.dir/CheckFunctionExists.c.o
/usr/bin/cc   -DCHECK_FUNCTION_EXISTS=pthread_create   -o CMakeFiles/cmTC_6f603.dir/CheckFunctionExists.c.o   -c /usr/share/cmake-3.10/Modules/CheckFunctionExists.c
Linking C executable cmTC_6f603
/usr/bin/cmake -E cmake_link_script CMakeFiles/cmTC_6f603.dir/link.txt --verbose=1
/usr/bin/cc  -DCHECK_FUNCTION_EXISTS=pthread_create    -rdynamic CMakeFiles/cmTC_6f603.dir/CheckFunctionExists.c.o  -o cmTC_6f603 -lpthreads 
/usr/bin/ld: 找不到 -lpthreads
collect2: error: ld returned 1 exit status
CMakeFiles/cmTC_6f603.dir/build.make:97: recipe for target 'cmTC_6f603' failed
make[1]: *** [cmTC_6f603] Error 1
make[1]: 离开目录“/home/liu/Multi_Robot_System/build_isolated/hector_map_server/CMakeFiles/CMakeTmp”
Makefile:126: recipe for target 'cmTC_6f603/fast' failed
make: *** [cmTC_6f603/fast] Error 2


