Determining if the pthread_create exist failed with the following output:
Change Dir: /home/liu/Multi_Robot_System/build_isolated/hector_pose_estimation_core/CMakeFiles/CMakeTmp

Run Build Command:"/usr/bin/make" "cmTC_eaa2a/fast"
/usr/bin/make -f CMakeFiles/cmTC_eaa2a.dir/build.make CMakeFiles/cmTC_eaa2a.dir/build
make[1]: 进入目录“/home/liu/Multi_Robot_System/build_isolated/hector_pose_estimation_core/CMakeFiles/CMakeTmp”
Building C object CMakeFiles/cmTC_eaa2a.dir/CheckSymbolExists.c.o
/usr/bin/cc    -o CMakeFiles/cmTC_eaa2a.dir/CheckSymbolExists.c.o   -c /home/liu/Multi_Robot_System/build_isolated/hector_pose_estimation_core/CMakeFiles/CMakeTmp/CheckSymbolExists.c
Linking C executable cmTC_eaa2a
/usr/bin/cmake -E cmake_link_script CMakeFiles/cmTC_eaa2a.dir/link.txt --verbose=1
/usr/bin/cc      -rdynamic CMakeFiles/cmTC_eaa2a.dir/CheckSymbolExists.c.o  -o cmTC_eaa2a 
CMakeFiles/cmTC_eaa2a.dir/CheckSymbolExists.c.o：在函数‘main’中：
CheckSymbolExists.c:(.text+0x1b)：对‘pthread_create’未定义的引用
collect2: error: ld returned 1 exit status
CMakeFiles/cmTC_eaa2a.dir/build.make:97: recipe for target 'cmTC_eaa2a' failed
make[1]: *** [cmTC_eaa2a] Error 1
make[1]: 离开目录“/home/liu/Multi_Robot_System/build_isolated/hector_pose_estimation_core/CMakeFiles/CMakeTmp”
Makefile:126: recipe for target 'cmTC_eaa2a/fast' failed
make: *** [cmTC_eaa2a/fast] Error 2

File /home/liu/Multi_Robot_System/build_isolated/hector_pose_estimation_core/CMakeFiles/CMakeTmp/CheckSymbolExists.c:
/* */
#include <pthread.h>

int main(int argc, char** argv)
{
  (void)argv;
#ifndef pthread_create
  return ((int*)(&pthread_create))[argc];
#else
  (void)argc;
  return 0;
#endif
}

Determining if the function pthread_create exists in the pthreads failed with the following output:
Change Dir: /home/liu/Multi_Robot_System/build_isolated/hector_pose_estimation_core/CMakeFiles/CMakeTmp

Run Build Command:"/usr/bin/make" "cmTC_e5295/fast"
/usr/bin/make -f CMakeFiles/cmTC_e5295.dir/build.make CMakeFiles/cmTC_e5295.dir/build
make[1]: 进入目录“/home/liu/Multi_Robot_System/build_isolated/hector_pose_estimation_core/CMakeFiles/CMakeTmp”
Building C object CMakeFiles/cmTC_e5295.dir/CheckFunctionExists.c.o
/usr/bin/cc   -DCHECK_FUNCTION_EXISTS=pthread_create   -o CMakeFiles/cmTC_e5295.dir/CheckFunctionExists.c.o   -c /usr/share/cmake-3.10/Modules/CheckFunctionExists.c
Linking C executable cmTC_e5295
/usr/bin/cmake -E cmake_link_script CMakeFiles/cmTC_e5295.dir/link.txt --verbose=1
/usr/bin/cc  -DCHECK_FUNCTION_EXISTS=pthread_create    -rdynamic CMakeFiles/cmTC_e5295.dir/CheckFunctionExists.c.o  -o cmTC_e5295 -lpthreads 
/usr/bin/ld: 找不到 -lpthreads
collect2: error: ld returned 1 exit status
CMakeFiles/cmTC_e5295.dir/build.make:97: recipe for target 'cmTC_e5295' failed
make[1]: *** [cmTC_e5295] Error 1
make[1]: 离开目录“/home/liu/Multi_Robot_System/build_isolated/hector_pose_estimation_core/CMakeFiles/CMakeTmp”
Makefile:126: recipe for target 'cmTC_e5295/fast' failed
make: *** [cmTC_e5295/fast] Error 2


