Determining if the pthread_create exist failed with the following output:
Change Dir: /home/liu/Multi_Robot_System/build_isolated/hector_geotiff/CMakeFiles/CMakeTmp

Run Build Command:"/usr/bin/make" "cmTC_bdbda/fast"
/usr/bin/make -f CMakeFiles/cmTC_bdbda.dir/build.make CMakeFiles/cmTC_bdbda.dir/build
make[1]: 进入目录“/home/liu/Multi_Robot_System/build_isolated/hector_geotiff/CMakeFiles/CMakeTmp”
Building C object CMakeFiles/cmTC_bdbda.dir/CheckSymbolExists.c.o
/usr/bin/cc    -o CMakeFiles/cmTC_bdbda.dir/CheckSymbolExists.c.o   -c /home/liu/Multi_Robot_System/build_isolated/hector_geotiff/CMakeFiles/CMakeTmp/CheckSymbolExists.c
Linking C executable cmTC_bdbda
/usr/bin/cmake -E cmake_link_script CMakeFiles/cmTC_bdbda.dir/link.txt --verbose=1
/usr/bin/cc      -rdynamic CMakeFiles/cmTC_bdbda.dir/CheckSymbolExists.c.o  -o cmTC_bdbda 
CMakeFiles/cmTC_bdbda.dir/CheckSymbolExists.c.o：在函数‘main’中：
CheckSymbolExists.c:(.text+0x1b)：对‘pthread_create’未定义的引用
collect2: error: ld returned 1 exit status
CMakeFiles/cmTC_bdbda.dir/build.make:97: recipe for target 'cmTC_bdbda' failed
make[1]: *** [cmTC_bdbda] Error 1
make[1]: 离开目录“/home/liu/Multi_Robot_System/build_isolated/hector_geotiff/CMakeFiles/CMakeTmp”
Makefile:126: recipe for target 'cmTC_bdbda/fast' failed
make: *** [cmTC_bdbda/fast] Error 2

File /home/liu/Multi_Robot_System/build_isolated/hector_geotiff/CMakeFiles/CMakeTmp/CheckSymbolExists.c:
/* */
#include <pthread.h>

int main(int argc, char** argv)
{
  (void)argv;
#ifndef pthread_create
  return ((int*)(&pthread_create))[argc];
#else
  (void)argc;
  return 0;
#endif
}

Determining if the function pthread_create exists in the pthreads failed with the following output:
Change Dir: /home/liu/Multi_Robot_System/build_isolated/hector_geotiff/CMakeFiles/CMakeTmp

Run Build Command:"/usr/bin/make" "cmTC_94e73/fast"
/usr/bin/make -f CMakeFiles/cmTC_94e73.dir/build.make CMakeFiles/cmTC_94e73.dir/build
make[1]: 进入目录“/home/liu/Multi_Robot_System/build_isolated/hector_geotiff/CMakeFiles/CMakeTmp”
Building C object CMakeFiles/cmTC_94e73.dir/CheckFunctionExists.c.o
/usr/bin/cc   -DCHECK_FUNCTION_EXISTS=pthread_create   -o CMakeFiles/cmTC_94e73.dir/CheckFunctionExists.c.o   -c /usr/share/cmake-3.10/Modules/CheckFunctionExists.c
Linking C executable cmTC_94e73
/usr/bin/cmake -E cmake_link_script CMakeFiles/cmTC_94e73.dir/link.txt --verbose=1
/usr/bin/cc  -DCHECK_FUNCTION_EXISTS=pthread_create    -rdynamic CMakeFiles/cmTC_94e73.dir/CheckFunctionExists.c.o  -o cmTC_94e73 -lpthreads 
/usr/bin/ld: 找不到 -lpthreads
collect2: error: ld returned 1 exit status
CMakeFiles/cmTC_94e73.dir/build.make:97: recipe for target 'cmTC_94e73' failed
make[1]: *** [cmTC_94e73] Error 1
make[1]: 离开目录“/home/liu/Multi_Robot_System/build_isolated/hector_geotiff/CMakeFiles/CMakeTmp”
Makefile:126: recipe for target 'cmTC_94e73/fast' failed
make: *** [cmTC_94e73/fast] Error 2


Determining if the Q_WS_WIN exist failed with the following output:
Change Dir: /home/liu/Multi_Robot_System/build_isolated/hector_geotiff/CMakeFiles/CMakeTmp

Run Build Command:"/usr/bin/make" "cmTC_c2d49/fast"
/usr/bin/make -f CMakeFiles/cmTC_c2d49.dir/build.make CMakeFiles/cmTC_c2d49.dir/build
make[1]: 进入目录“/home/liu/Multi_Robot_System/build_isolated/hector_geotiff/CMakeFiles/CMakeTmp”
Building CXX object CMakeFiles/cmTC_c2d49.dir/CheckSymbolExists.cxx.o
/usr/bin/c++   -I/usr/include/qt4   -o CMakeFiles/cmTC_c2d49.dir/CheckSymbolExists.cxx.o -c /home/liu/Multi_Robot_System/build_isolated/hector_geotiff/CMakeFiles/CMakeTmp/CheckSymbolExists.cxx
/home/liu/Multi_Robot_System/build_isolated/hector_geotiff/CMakeFiles/CMakeTmp/CheckSymbolExists.cxx: In function ‘int main(int, char**)’:
/home/liu/Multi_Robot_System/build_isolated/hector_geotiff/CMakeFiles/CMakeTmp/CheckSymbolExists.cxx:8:19: error: ‘Q_WS_WIN’ was not declared in this scope
   return ((int*)(&Q_WS_WIN))[argc];
                   ^~~~~~~~
/home/liu/Multi_Robot_System/build_isolated/hector_geotiff/CMakeFiles/CMakeTmp/CheckSymbolExists.cxx:8:19: note: suggested alternative: ‘Q_WS_X11’
   return ((int*)(&Q_WS_WIN))[argc];
                   ^~~~~~~~
                   Q_WS_X11
CMakeFiles/cmTC_c2d49.dir/build.make:65: recipe for target 'CMakeFiles/cmTC_c2d49.dir/CheckSymbolExists.cxx.o' failed
make[1]: *** [CMakeFiles/cmTC_c2d49.dir/CheckSymbolExists.cxx.o] Error 1
make[1]: 离开目录“/home/liu/Multi_Robot_System/build_isolated/hector_geotiff/CMakeFiles/CMakeTmp”
Makefile:126: recipe for target 'cmTC_c2d49/fast' failed
make: *** [cmTC_c2d49/fast] Error 2

File /home/liu/Multi_Robot_System/build_isolated/hector_geotiff/CMakeFiles/CMakeTmp/CheckSymbolExists.cxx:
/* */
#include <QtCore/qglobal.h>

int main(int argc, char** argv)
{
  (void)argv;
#ifndef Q_WS_WIN
  return ((int*)(&Q_WS_WIN))[argc];
#else
  (void)argc;
  return 0;
#endif
}

Determining if the Q_WS_QWS exist failed with the following output:
Change Dir: /home/liu/Multi_Robot_System/build_isolated/hector_geotiff/CMakeFiles/CMakeTmp

Run Build Command:"/usr/bin/make" "cmTC_a7f5d/fast"
/usr/bin/make -f CMakeFiles/cmTC_a7f5d.dir/build.make CMakeFiles/cmTC_a7f5d.dir/build
make[1]: 进入目录“/home/liu/Multi_Robot_System/build_isolated/hector_geotiff/CMakeFiles/CMakeTmp”
Building CXX object CMakeFiles/cmTC_a7f5d.dir/CheckSymbolExists.cxx.o
/usr/bin/c++   -I/usr/include/qt4   -o CMakeFiles/cmTC_a7f5d.dir/CheckSymbolExists.cxx.o -c /home/liu/Multi_Robot_System/build_isolated/hector_geotiff/CMakeFiles/CMakeTmp/CheckSymbolExists.cxx
/home/liu/Multi_Robot_System/build_isolated/hector_geotiff/CMakeFiles/CMakeTmp/CheckSymbolExists.cxx: In function ‘int main(int, char**)’:
/home/liu/Multi_Robot_System/build_isolated/hector_geotiff/CMakeFiles/CMakeTmp/CheckSymbolExists.cxx:8:19: error: ‘Q_WS_QWS’ was not declared in this scope
   return ((int*)(&Q_WS_QWS))[argc];
                   ^~~~~~~~
/home/liu/Multi_Robot_System/build_isolated/hector_geotiff/CMakeFiles/CMakeTmp/CheckSymbolExists.cxx:8:19: note: suggested alternative: ‘Q_WS_X11’
   return ((int*)(&Q_WS_QWS))[argc];
                   ^~~~~~~~
                   Q_WS_X11
CMakeFiles/cmTC_a7f5d.dir/build.make:65: recipe for target 'CMakeFiles/cmTC_a7f5d.dir/CheckSymbolExists.cxx.o' failed
make[1]: *** [CMakeFiles/cmTC_a7f5d.dir/CheckSymbolExists.cxx.o] Error 1
make[1]: 离开目录“/home/liu/Multi_Robot_System/build_isolated/hector_geotiff/CMakeFiles/CMakeTmp”
Makefile:126: recipe for target 'cmTC_a7f5d/fast' failed
make: *** [cmTC_a7f5d/fast] Error 2

File /home/liu/Multi_Robot_System/build_isolated/hector_geotiff/CMakeFiles/CMakeTmp/CheckSymbolExists.cxx:
/* */
#include <QtCore/qglobal.h>

int main(int argc, char** argv)
{
  (void)argv;
#ifndef Q_WS_QWS
  return ((int*)(&Q_WS_QWS))[argc];
#else
  (void)argc;
  return 0;
#endif
}

Determining if the Q_WS_MAC exist failed with the following output:
Change Dir: /home/liu/Multi_Robot_System/build_isolated/hector_geotiff/CMakeFiles/CMakeTmp

Run Build Command:"/usr/bin/make" "cmTC_940a2/fast"
/usr/bin/make -f CMakeFiles/cmTC_940a2.dir/build.make CMakeFiles/cmTC_940a2.dir/build
make[1]: 进入目录“/home/liu/Multi_Robot_System/build_isolated/hector_geotiff/CMakeFiles/CMakeTmp”
Building CXX object CMakeFiles/cmTC_940a2.dir/CheckSymbolExists.cxx.o
/usr/bin/c++   -I/usr/include/qt4   -o CMakeFiles/cmTC_940a2.dir/CheckSymbolExists.cxx.o -c /home/liu/Multi_Robot_System/build_isolated/hector_geotiff/CMakeFiles/CMakeTmp/CheckSymbolExists.cxx
/home/liu/Multi_Robot_System/build_isolated/hector_geotiff/CMakeFiles/CMakeTmp/CheckSymbolExists.cxx: In function ‘int main(int, char**)’:
/home/liu/Multi_Robot_System/build_isolated/hector_geotiff/CMakeFiles/CMakeTmp/CheckSymbolExists.cxx:8:19: error: ‘Q_WS_MAC’ was not declared in this scope
   return ((int*)(&Q_WS_MAC))[argc];
                   ^~~~~~~~
/home/liu/Multi_Robot_System/build_isolated/hector_geotiff/CMakeFiles/CMakeTmp/CheckSymbolExists.cxx:8:19: note: suggested alternative: ‘Q_WS_X11’
   return ((int*)(&Q_WS_MAC))[argc];
                   ^~~~~~~~
                   Q_WS_X11
CMakeFiles/cmTC_940a2.dir/build.make:65: recipe for target 'CMakeFiles/cmTC_940a2.dir/CheckSymbolExists.cxx.o' failed
make[1]: *** [CMakeFiles/cmTC_940a2.dir/CheckSymbolExists.cxx.o] Error 1
make[1]: 离开目录“/home/liu/Multi_Robot_System/build_isolated/hector_geotiff/CMakeFiles/CMakeTmp”
Makefile:126: recipe for target 'cmTC_940a2/fast' failed
make: *** [cmTC_940a2/fast] Error 2

File /home/liu/Multi_Robot_System/build_isolated/hector_geotiff/CMakeFiles/CMakeTmp/CheckSymbolExists.cxx:
/* */
#include <QtCore/qglobal.h>

int main(int argc, char** argv)
{
  (void)argv;
#ifndef Q_WS_MAC
  return ((int*)(&Q_WS_MAC))[argc];
#else
  (void)argc;
  return 0;
#endif
}

