Determining if the pthread_create exist failed with the following output:
Change Dir: /home/liu/Multi_Robot_System/build_isolated/trac_ik_examples/CMakeFiles/CMakeTmp

Run Build Command:"/usr/bin/make" "cmTC_72b87/fast"
/usr/bin/make -f CMakeFiles/cmTC_72b87.dir/build.make CMakeFiles/cmTC_72b87.dir/build
make[1]: 进入目录“/home/liu/Multi_Robot_System/build_isolated/trac_ik_examples/CMakeFiles/CMakeTmp”
Building C object CMakeFiles/cmTC_72b87.dir/CheckSymbolExists.c.o
/usr/bin/cc    -o CMakeFiles/cmTC_72b87.dir/CheckSymbolExists.c.o   -c /home/liu/Multi_Robot_System/build_isolated/trac_ik_examples/CMakeFiles/CMakeTmp/CheckSymbolExists.c
Linking C executable cmTC_72b87
/usr/bin/cmake -E cmake_link_script CMakeFiles/cmTC_72b87.dir/link.txt --verbose=1
/usr/bin/cc      -rdynamic CMakeFiles/cmTC_72b87.dir/CheckSymbolExists.c.o  -o cmTC_72b87 
CMakeFiles/cmTC_72b87.dir/CheckSymbolExists.c.o：在函数‘main’中：
CheckSymbolExists.c:(.text+0x1b)：对‘pthread_create’未定义的引用
collect2: error: ld returned 1 exit status
CMakeFiles/cmTC_72b87.dir/build.make:97: recipe for target 'cmTC_72b87' failed
make[1]: *** [cmTC_72b87] Error 1
make[1]: 离开目录“/home/liu/Multi_Robot_System/build_isolated/trac_ik_examples/CMakeFiles/CMakeTmp”
Makefile:126: recipe for target 'cmTC_72b87/fast' failed
make: *** [cmTC_72b87/fast] Error 2

File /home/liu/Multi_Robot_System/build_isolated/trac_ik_examples/CMakeFiles/CMakeTmp/CheckSymbolExists.c:
/* */
#include <pthread.h>

int main(int argc, char** argv)
{
  (void)argv;
#ifndef pthread_create
  return ((int*)(&pthread_create))[argc];
#else
  (void)argc;
  return 0;
#endif
}

Determining if the function pthread_create exists in the pthreads failed with the following output:
Change Dir: /home/liu/Multi_Robot_System/build_isolated/trac_ik_examples/CMakeFiles/CMakeTmp

Run Build Command:"/usr/bin/make" "cmTC_ce389/fast"
/usr/bin/make -f CMakeFiles/cmTC_ce389.dir/build.make CMakeFiles/cmTC_ce389.dir/build
make[1]: 进入目录“/home/liu/Multi_Robot_System/build_isolated/trac_ik_examples/CMakeFiles/CMakeTmp”
Building C object CMakeFiles/cmTC_ce389.dir/CheckFunctionExists.c.o
/usr/bin/cc   -DCHECK_FUNCTION_EXISTS=pthread_create   -o CMakeFiles/cmTC_ce389.dir/CheckFunctionExists.c.o   -c /usr/share/cmake-3.10/Modules/CheckFunctionExists.c
Linking C executable cmTC_ce389
/usr/bin/cmake -E cmake_link_script CMakeFiles/cmTC_ce389.dir/link.txt --verbose=1
/usr/bin/cc  -DCHECK_FUNCTION_EXISTS=pthread_create    -rdynamic CMakeFiles/cmTC_ce389.dir/CheckFunctionExists.c.o  -o cmTC_ce389 -lpthreads 
/usr/bin/ld: 找不到 -lpthreads
collect2: error: ld returned 1 exit status
CMakeFiles/cmTC_ce389.dir/build.make:97: recipe for target 'cmTC_ce389' failed
make[1]: *** [cmTC_ce389] Error 1
make[1]: 离开目录“/home/liu/Multi_Robot_System/build_isolated/trac_ik_examples/CMakeFiles/CMakeTmp”
Makefile:126: recipe for target 'cmTC_ce389/fast' failed
make: *** [cmTC_ce389/fast] Error 2


