Determining if the pthread_create exist failed with the following output:
Change Dir: /home/liu/Multi_Robot_System/build_isolated/hector_gazebo_plugins/CMakeFiles/CMakeTmp

Run Build Command:"/usr/bin/make" "cmTC_56eef/fast"
/usr/bin/make -f CMakeFiles/cmTC_56eef.dir/build.make CMakeFiles/cmTC_56eef.dir/build
make[1]: 进入目录“/home/liu/Multi_Robot_System/build_isolated/hector_gazebo_plugins/CMakeFiles/CMakeTmp”
Building C object CMakeFiles/cmTC_56eef.dir/CheckSymbolExists.c.o
/usr/bin/cc    -o CMakeFiles/cmTC_56eef.dir/CheckSymbolExists.c.o   -c /home/liu/Multi_Robot_System/build_isolated/hector_gazebo_plugins/CMakeFiles/CMakeTmp/CheckSymbolExists.c
Linking C executable cmTC_56eef
/usr/bin/cmake -E cmake_link_script CMakeFiles/cmTC_56eef.dir/link.txt --verbose=1
/usr/bin/cc      -rdynamic CMakeFiles/cmTC_56eef.dir/CheckSymbolExists.c.o  -o cmTC_56eef 
CMakeFiles/cmTC_56eef.dir/CheckSymbolExists.c.o：在函数‘main’中：
CheckSymbolExists.c:(.text+0x1b)：对‘pthread_create’未定义的引用
collect2: error: ld returned 1 exit status
CMakeFiles/cmTC_56eef.dir/build.make:97: recipe for target 'cmTC_56eef' failed
make[1]: *** [cmTC_56eef] Error 1
make[1]: 离开目录“/home/liu/Multi_Robot_System/build_isolated/hector_gazebo_plugins/CMakeFiles/CMakeTmp”
Makefile:126: recipe for target 'cmTC_56eef/fast' failed
make: *** [cmTC_56eef/fast] Error 2

File /home/liu/Multi_Robot_System/build_isolated/hector_gazebo_plugins/CMakeFiles/CMakeTmp/CheckSymbolExists.c:
/* */
#include <pthread.h>

int main(int argc, char** argv)
{
  (void)argv;
#ifndef pthread_create
  return ((int*)(&pthread_create))[argc];
#else
  (void)argc;
  return 0;
#endif
}

Determining if the function pthread_create exists in the pthreads failed with the following output:
Change Dir: /home/liu/Multi_Robot_System/build_isolated/hector_gazebo_plugins/CMakeFiles/CMakeTmp

Run Build Command:"/usr/bin/make" "cmTC_5ebfb/fast"
/usr/bin/make -f CMakeFiles/cmTC_5ebfb.dir/build.make CMakeFiles/cmTC_5ebfb.dir/build
make[1]: 进入目录“/home/liu/Multi_Robot_System/build_isolated/hector_gazebo_plugins/CMakeFiles/CMakeTmp”
Building C object CMakeFiles/cmTC_5ebfb.dir/CheckFunctionExists.c.o
/usr/bin/cc   -DCHECK_FUNCTION_EXISTS=pthread_create   -o CMakeFiles/cmTC_5ebfb.dir/CheckFunctionExists.c.o   -c /usr/share/cmake-3.10/Modules/CheckFunctionExists.c
Linking C executable cmTC_5ebfb
/usr/bin/cmake -E cmake_link_script CMakeFiles/cmTC_5ebfb.dir/link.txt --verbose=1
/usr/bin/cc  -DCHECK_FUNCTION_EXISTS=pthread_create    -rdynamic CMakeFiles/cmTC_5ebfb.dir/CheckFunctionExists.c.o  -o cmTC_5ebfb -lpthreads 
/usr/bin/ld: 找不到 -lpthreads
collect2: error: ld returned 1 exit status
CMakeFiles/cmTC_5ebfb.dir/build.make:97: recipe for target 'cmTC_5ebfb' failed
make[1]: *** [cmTC_5ebfb] Error 1
make[1]: 离开目录“/home/liu/Multi_Robot_System/build_isolated/hector_gazebo_plugins/CMakeFiles/CMakeTmp”
Makefile:126: recipe for target 'cmTC_5ebfb/fast' failed
make: *** [cmTC_5ebfb/fast] Error 2


