Determining if the pthread_create exist failed with the following output:
Change Dir: /home/liu/Multi_Robot_System/build_isolated/hector_quadrotor/CMakeFiles/CMakeTmp

Run Build Command:"/usr/bin/make" "cmTC_35539/fast"
/usr/bin/make -f CMakeFiles/cmTC_35539.dir/build.make CMakeFiles/cmTC_35539.dir/build
make[1]: 进入目录“/home/liu/Multi_Robot_System/build_isolated/hector_quadrotor/CMakeFiles/CMakeTmp”
Building C object CMakeFiles/cmTC_35539.dir/CheckSymbolExists.c.o
/usr/bin/cc    -o CMakeFiles/cmTC_35539.dir/CheckSymbolExists.c.o   -c /home/liu/Multi_Robot_System/build_isolated/hector_quadrotor/CMakeFiles/CMakeTmp/CheckSymbolExists.c
Linking C executable cmTC_35539
/usr/bin/cmake -E cmake_link_script CMakeFiles/cmTC_35539.dir/link.txt --verbose=1
/usr/bin/cc      -rdynamic CMakeFiles/cmTC_35539.dir/CheckSymbolExists.c.o  -o cmTC_35539 
CMakeFiles/cmTC_35539.dir/CheckSymbolExists.c.o：在函数‘main’中：
CheckSymbolExists.c:(.text+0x1b)：对‘pthread_create’未定义的引用
collect2: error: ld returned 1 exit status
CMakeFiles/cmTC_35539.dir/build.make:97: recipe for target 'cmTC_35539' failed
make[1]: *** [cmTC_35539] Error 1
make[1]: 离开目录“/home/liu/Multi_Robot_System/build_isolated/hector_quadrotor/CMakeFiles/CMakeTmp”
Makefile:126: recipe for target 'cmTC_35539/fast' failed
make: *** [cmTC_35539/fast] Error 2

File /home/liu/Multi_Robot_System/build_isolated/hector_quadrotor/CMakeFiles/CMakeTmp/CheckSymbolExists.c:
/* */
#include <pthread.h>

int main(int argc, char** argv)
{
  (void)argv;
#ifndef pthread_create
  return ((int*)(&pthread_create))[argc];
#else
  (void)argc;
  return 0;
#endif
}

Determining if the function pthread_create exists in the pthreads failed with the following output:
Change Dir: /home/liu/Multi_Robot_System/build_isolated/hector_quadrotor/CMakeFiles/CMakeTmp

Run Build Command:"/usr/bin/make" "cmTC_eb326/fast"
/usr/bin/make -f CMakeFiles/cmTC_eb326.dir/build.make CMakeFiles/cmTC_eb326.dir/build
make[1]: 进入目录“/home/liu/Multi_Robot_System/build_isolated/hector_quadrotor/CMakeFiles/CMakeTmp”
Building C object CMakeFiles/cmTC_eb326.dir/CheckFunctionExists.c.o
/usr/bin/cc   -DCHECK_FUNCTION_EXISTS=pthread_create   -o CMakeFiles/cmTC_eb326.dir/CheckFunctionExists.c.o   -c /usr/share/cmake-3.10/Modules/CheckFunctionExists.c
Linking C executable cmTC_eb326
/usr/bin/cmake -E cmake_link_script CMakeFiles/cmTC_eb326.dir/link.txt --verbose=1
/usr/bin/cc  -DCHECK_FUNCTION_EXISTS=pthread_create    -rdynamic CMakeFiles/cmTC_eb326.dir/CheckFunctionExists.c.o  -o cmTC_eb326 -lpthreads 
/usr/bin/ld: 找不到 -lpthreads
collect2: error: ld returned 1 exit status
CMakeFiles/cmTC_eb326.dir/build.make:97: recipe for target 'cmTC_eb326' failed
make[1]: *** [cmTC_eb326] Error 1
make[1]: 离开目录“/home/liu/Multi_Robot_System/build_isolated/hector_quadrotor/CMakeFiles/CMakeTmp”
Makefile:126: recipe for target 'cmTC_eb326/fast' failed
make: *** [cmTC_eb326/fast] Error 2


