Determining if the pthread_create exist failed with the following output:
Change Dir: /home/liu/Multi_Robot_System/build_isolated/hector_quadrotor_gazebo_plugins/CMakeFiles/CMakeTmp

Run Build Command:"/usr/bin/make" "cmTC_252b3/fast"
/usr/bin/make -f CMakeFiles/cmTC_252b3.dir/build.make CMakeFiles/cmTC_252b3.dir/build
make[1]: 进入目录“/home/liu/Multi_Robot_System/build_isolated/hector_quadrotor_gazebo_plugins/CMakeFiles/CMakeTmp”
Building C object CMakeFiles/cmTC_252b3.dir/CheckSymbolExists.c.o
/usr/bin/cc    -o CMakeFiles/cmTC_252b3.dir/CheckSymbolExists.c.o   -c /home/liu/Multi_Robot_System/build_isolated/hector_quadrotor_gazebo_plugins/CMakeFiles/CMakeTmp/CheckSymbolExists.c
Linking C executable cmTC_252b3
/usr/bin/cmake -E cmake_link_script CMakeFiles/cmTC_252b3.dir/link.txt --verbose=1
/usr/bin/cc      -rdynamic CMakeFiles/cmTC_252b3.dir/CheckSymbolExists.c.o  -o cmTC_252b3 
CMakeFiles/cmTC_252b3.dir/CheckSymbolExists.c.o：在函数‘main’中：
CheckSymbolExists.c:(.text+0x1b)：对‘pthread_create’未定义的引用
collect2: error: ld returned 1 exit status
CMakeFiles/cmTC_252b3.dir/build.make:97: recipe for target 'cmTC_252b3' failed
make[1]: *** [cmTC_252b3] Error 1
make[1]: 离开目录“/home/liu/Multi_Robot_System/build_isolated/hector_quadrotor_gazebo_plugins/CMakeFiles/CMakeTmp”
Makefile:126: recipe for target 'cmTC_252b3/fast' failed
make: *** [cmTC_252b3/fast] Error 2

File /home/liu/Multi_Robot_System/build_isolated/hector_quadrotor_gazebo_plugins/CMakeFiles/CMakeTmp/CheckSymbolExists.c:
/* */
#include <pthread.h>

int main(int argc, char** argv)
{
  (void)argv;
#ifndef pthread_create
  return ((int*)(&pthread_create))[argc];
#else
  (void)argc;
  return 0;
#endif
}

Determining if the function pthread_create exists in the pthreads failed with the following output:
Change Dir: /home/liu/Multi_Robot_System/build_isolated/hector_quadrotor_gazebo_plugins/CMakeFiles/CMakeTmp

Run Build Command:"/usr/bin/make" "cmTC_bae7d/fast"
/usr/bin/make -f CMakeFiles/cmTC_bae7d.dir/build.make CMakeFiles/cmTC_bae7d.dir/build
make[1]: 进入目录“/home/liu/Multi_Robot_System/build_isolated/hector_quadrotor_gazebo_plugins/CMakeFiles/CMakeTmp”
Building C object CMakeFiles/cmTC_bae7d.dir/CheckFunctionExists.c.o
/usr/bin/cc   -DCHECK_FUNCTION_EXISTS=pthread_create   -o CMakeFiles/cmTC_bae7d.dir/CheckFunctionExists.c.o   -c /usr/share/cmake-3.10/Modules/CheckFunctionExists.c
Linking C executable cmTC_bae7d
/usr/bin/cmake -E cmake_link_script CMakeFiles/cmTC_bae7d.dir/link.txt --verbose=1
/usr/bin/cc  -DCHECK_FUNCTION_EXISTS=pthread_create    -rdynamic CMakeFiles/cmTC_bae7d.dir/CheckFunctionExists.c.o  -o cmTC_bae7d -lpthreads 
/usr/bin/ld: 找不到 -lpthreads
collect2: error: ld returned 1 exit status
CMakeFiles/cmTC_bae7d.dir/build.make:97: recipe for target 'cmTC_bae7d' failed
make[1]: *** [cmTC_bae7d] Error 1
make[1]: 离开目录“/home/liu/Multi_Robot_System/build_isolated/hector_quadrotor_gazebo_plugins/CMakeFiles/CMakeTmp”
Makefile:126: recipe for target 'cmTC_bae7d/fast' failed
make: *** [cmTC_bae7d/fast] Error 2


