Determining if the pthread_create exist failed with the following output:
Change Dir: /home/liu/Multi_Robot_System/build_isolated/panda_control/CMakeFiles/CMakeTmp

Run Build Command:"/usr/bin/make" "cmTC_82d8d/fast"
/usr/bin/make -f CMakeFiles/cmTC_82d8d.dir/build.make CMakeFiles/cmTC_82d8d.dir/build
make[1]: 进入目录“/home/liu/Multi_Robot_System/build_isolated/panda_control/CMakeFiles/CMakeTmp”
Building C object CMakeFiles/cmTC_82d8d.dir/CheckSymbolExists.c.o
/usr/bin/cc    -o CMakeFiles/cmTC_82d8d.dir/CheckSymbolExists.c.o   -c /home/liu/Multi_Robot_System/build_isolated/panda_control/CMakeFiles/CMakeTmp/CheckSymbolExists.c
Linking C executable cmTC_82d8d
/usr/bin/cmake -E cmake_link_script CMakeFiles/cmTC_82d8d.dir/link.txt --verbose=1
/usr/bin/cc      -rdynamic CMakeFiles/cmTC_82d8d.dir/CheckSymbolExists.c.o  -o cmTC_82d8d 
CMakeFiles/cmTC_82d8d.dir/CheckSymbolExists.c.o：在函数‘main’中：
CheckSymbolExists.c:(.text+0x1b)：对‘pthread_create’未定义的引用
collect2: error: ld returned 1 exit status
CMakeFiles/cmTC_82d8d.dir/build.make:97: recipe for target 'cmTC_82d8d' failed
make[1]: *** [cmTC_82d8d] Error 1
make[1]: 离开目录“/home/liu/Multi_Robot_System/build_isolated/panda_control/CMakeFiles/CMakeTmp”
Makefile:126: recipe for target 'cmTC_82d8d/fast' failed
make: *** [cmTC_82d8d/fast] Error 2

File /home/liu/Multi_Robot_System/build_isolated/panda_control/CMakeFiles/CMakeTmp/CheckSymbolExists.c:
/* */
#include <pthread.h>

int main(int argc, char** argv)
{
  (void)argv;
#ifndef pthread_create
  return ((int*)(&pthread_create))[argc];
#else
  (void)argc;
  return 0;
#endif
}

Determining if the function pthread_create exists in the pthreads failed with the following output:
Change Dir: /home/liu/Multi_Robot_System/build_isolated/panda_control/CMakeFiles/CMakeTmp

Run Build Command:"/usr/bin/make" "cmTC_9782a/fast"
/usr/bin/make -f CMakeFiles/cmTC_9782a.dir/build.make CMakeFiles/cmTC_9782a.dir/build
make[1]: 进入目录“/home/liu/Multi_Robot_System/build_isolated/panda_control/CMakeFiles/CMakeTmp”
Building C object CMakeFiles/cmTC_9782a.dir/CheckFunctionExists.c.o
/usr/bin/cc   -DCHECK_FUNCTION_EXISTS=pthread_create   -o CMakeFiles/cmTC_9782a.dir/CheckFunctionExists.c.o   -c /usr/share/cmake-3.10/Modules/CheckFunctionExists.c
Linking C executable cmTC_9782a
/usr/bin/cmake -E cmake_link_script CMakeFiles/cmTC_9782a.dir/link.txt --verbose=1
/usr/bin/cc  -DCHECK_FUNCTION_EXISTS=pthread_create    -rdynamic CMakeFiles/cmTC_9782a.dir/CheckFunctionExists.c.o  -o cmTC_9782a -lpthreads 
/usr/bin/ld: 找不到 -lpthreads
collect2: error: ld returned 1 exit status
CMakeFiles/cmTC_9782a.dir/build.make:97: recipe for target 'cmTC_9782a' failed
make[1]: *** [cmTC_9782a] Error 1
make[1]: 离开目录“/home/liu/Multi_Robot_System/build_isolated/panda_control/CMakeFiles/CMakeTmp”
Makefile:126: recipe for target 'cmTC_9782a/fast' failed
make: *** [cmTC_9782a/fast] Error 2


