Determining if the pthread_create exist failed with the following output:
Change Dir: /home/liu/Multi_Robot_System/build_isolated/message_to_tf/CMakeFiles/CMakeTmp

Run Build Command:"/usr/bin/make" "cmTC_361bf/fast"
/usr/bin/make -f CMakeFiles/cmTC_361bf.dir/build.make CMakeFiles/cmTC_361bf.dir/build
make[1]: 进入目录“/home/liu/Multi_Robot_System/build_isolated/message_to_tf/CMakeFiles/CMakeTmp”
Building C object CMakeFiles/cmTC_361bf.dir/CheckSymbolExists.c.o
/usr/bin/cc    -o CMakeFiles/cmTC_361bf.dir/CheckSymbolExists.c.o   -c /home/liu/Multi_Robot_System/build_isolated/message_to_tf/CMakeFiles/CMakeTmp/CheckSymbolExists.c
Linking C executable cmTC_361bf
/usr/bin/cmake -E cmake_link_script CMakeFiles/cmTC_361bf.dir/link.txt --verbose=1
/usr/bin/cc      -rdynamic CMakeFiles/cmTC_361bf.dir/CheckSymbolExists.c.o  -o cmTC_361bf 
CMakeFiles/cmTC_361bf.dir/CheckSymbolExists.c.o：在函数‘main’中：
CheckSymbolExists.c:(.text+0x1b)：对‘pthread_create’未定义的引用
collect2: error: ld returned 1 exit status
CMakeFiles/cmTC_361bf.dir/build.make:97: recipe for target 'cmTC_361bf' failed
make[1]: *** [cmTC_361bf] Error 1
make[1]: 离开目录“/home/liu/Multi_Robot_System/build_isolated/message_to_tf/CMakeFiles/CMakeTmp”
Makefile:126: recipe for target 'cmTC_361bf/fast' failed
make: *** [cmTC_361bf/fast] Error 2

File /home/liu/Multi_Robot_System/build_isolated/message_to_tf/CMakeFiles/CMakeTmp/CheckSymbolExists.c:
/* */
#include <pthread.h>

int main(int argc, char** argv)
{
  (void)argv;
#ifndef pthread_create
  return ((int*)(&pthread_create))[argc];
#else
  (void)argc;
  return 0;
#endif
}

Determining if the function pthread_create exists in the pthreads failed with the following output:
Change Dir: /home/liu/Multi_Robot_System/build_isolated/message_to_tf/CMakeFiles/CMakeTmp

Run Build Command:"/usr/bin/make" "cmTC_2792a/fast"
/usr/bin/make -f CMakeFiles/cmTC_2792a.dir/build.make CMakeFiles/cmTC_2792a.dir/build
make[1]: 进入目录“/home/liu/Multi_Robot_System/build_isolated/message_to_tf/CMakeFiles/CMakeTmp”
Building C object CMakeFiles/cmTC_2792a.dir/CheckFunctionExists.c.o
/usr/bin/cc   -DCHECK_FUNCTION_EXISTS=pthread_create   -o CMakeFiles/cmTC_2792a.dir/CheckFunctionExists.c.o   -c /usr/share/cmake-3.10/Modules/CheckFunctionExists.c
Linking C executable cmTC_2792a
/usr/bin/cmake -E cmake_link_script CMakeFiles/cmTC_2792a.dir/link.txt --verbose=1
/usr/bin/cc  -DCHECK_FUNCTION_EXISTS=pthread_create    -rdynamic CMakeFiles/cmTC_2792a.dir/CheckFunctionExists.c.o  -o cmTC_2792a -lpthreads 
/usr/bin/ld: 找不到 -lpthreads
collect2: error: ld returned 1 exit status
CMakeFiles/cmTC_2792a.dir/build.make:97: recipe for target 'cmTC_2792a' failed
make[1]: *** [cmTC_2792a] Error 1
make[1]: 离开目录“/home/liu/Multi_Robot_System/build_isolated/message_to_tf/CMakeFiles/CMakeTmp”
Makefile:126: recipe for target 'cmTC_2792a/fast' failed
make: *** [cmTC_2792a/fast] Error 2


